This file contains any messages produced by compilers while
running configure, to aid debugging if configure makes a mistake.

It was created by ESPRESSO configure 5.2.0, which was
generated by GNU Autoconf 2.63.  Invocation command line was

  $ ./install/configure ARCH=ppc64le MASS_LIBS=-L/opt/ibm/xlmass/8.1.2/lib -lmass -lmassv -lmass_simdp8 BLAS_LIBS=-L/usr/lib -lessl FFT_LIBS=-L/usr/lib -lessl

## --------- ##
## Platform. ##
## --------- ##

hostname = p8le-42l
uname -m = ppc64le
uname -r = 3.19.0-25-generic
uname -s = Linux
uname -v = #26~14.04.1-Ubuntu SMP Fri Jul 24 21:17:43 UTC 2015

/usr/bin/uname -p = unknown
/bin/uname -X     = unknown

/bin/arch              = unknown
/usr/bin/arch -k       = unknown
/usr/convex/getsysinfo = unknown
/usr/bin/hostinfo      = unknown
/bin/machine           = unknown
/usr/bin/oslevel       = unknown
/bin/universe          = unknown

PATH: /usr/local/cuda/bin
PATH: /usr/local/sbin
PATH: /usr/local/bin
PATH: /usr/sbin
PATH: /usr/bin
PATH: /sbin
PATH: /bin
PATH: /usr/games
PATH: /usr/local/games
PATH: /home/yu/bin


## ----------- ##
## Core tests. ##
## ----------- ##

configure:2125: checking build system type
configure:2143: result: powerpc64le-unknown-linux-gnu
configure:2367: checking for xlf90_r
configure:2383: found /usr/bin/xlf90_r
configure:2394: result: xlf90_r
configure:2410: WARNING: using cross tools not prefixed with host triplet
configure:2420: checking for Fortran compiler version
configure:2428: xlf90_r --version >&5
/opt/ibm/xlf/15.1.2/bin/.orig/xlf90_r: 1501-216 (W) command option --version is not recognized - passed to ld
/opt/ibm/xlf/15.1.2/bin/.orig/xlf90_r: 1501-294 (S) No input file specified. Please use -qhelp for more information.
configure:2432: $? = 249
configure:2439: xlf90_r -v >&5
/opt/ibm/xlf/15.1.2/bin/.orig/xlf90_r: 1501-294 (S) No input file specified. Please use -qhelp for more information.
exec: export(export,XL_CONFIG=/opt/ibm/xlf/15.1.2/etc/xlf.cfg.ubuntu.14.04.gcc.4.8.4:xlf90_r,NULL) 
unlink: /tmp/optf.59470iXTYF3
unlink: /tmp/version.59470TfH9Wm
configure:2443: $? = 249
configure:2450: xlf90_r -V >&5
/opt/ibm/xlf/15.1.2/bin/.orig/xlf90_r: 1501-294 (S) No input file specified. Please use -qhelp for more information.
export XL_CONFIG=/opt/ibm/xlf/15.1.2/etc/xlf.cfg.ubuntu.14.04.gcc.4.8.4:xlf90_r 
rm /tmp/optf.59476VGDkd6
rm /tmp/version.59476rPKQup
configure:2454: $? = 249
configure:2468: checking for Fortran compiler default output file name
configure:2490: xlf90_r    conftest.f  >&5
** main   === End of Compilation 1 ===
1501-510  Compilation successful for file conftest.f.
configure:2494: $? = 0
configure:2532: result: a.out
configure:2551: checking whether the Fortran compiler works
configure:2584: result: yes
configure:2591: checking whether we are cross compiling
configure:2593: result: yes
configure:2596: checking for suffix of executables
configure:2603: xlf90_r -o conftest    conftest.f  >&5
** main   === End of Compilation 1 ===
1501-510  Compilation successful for file conftest.f.
configure:2607: $? = 0
configure:2633: result: 
configure:2639: checking for suffix of object files
configure:2655: xlf90_r -c   conftest.f >&5
** main   === End of Compilation 1 ===
1501-510  Compilation successful for file conftest.f.
configure:2659: $? = 0
configure:2684: result: o
configure:2692: checking whether we are using the GNU Fortran compiler
configure:2711: xlf90_r -c   conftest.F >&5
"conftest.F", line 3.14: 1515-019 (S) Syntax is incorrect.
** main   === End of Compilation 1 ===
1501-511  Compilation failed for file conftest.F.
configure:2718: $? = 1
configure: failed program was:
|       program main
| #ifndef __GNUC__
|        choke me
| #endif
| 
|       end
configure:2735: result: no
configure:2741: checking whether xlf90_r accepts -g
configure:2758: xlf90_r -c -g  conftest.f >&5
** main   === End of Compilation 1 ===
1501-510  Compilation successful for file conftest.f.
configure:2765: $? = 0
configure:2781: result: yes
configure:2811: checking for Fortran flag to compile .f90 files
configure:2833: xlf90_r -c -g  conftest.f90 >&5
** main   === End of Compilation 1 ===
1501-510  Compilation successful for file conftest.f90.
configure:2840: $? = 0
configure:2859: result: none
configure:2946: checking for mpxlf90_r
configure:2976: result: no
configure:2946: checking for mpf90_r
configure:2976: result: no
configure:2946: checking for mpif90
configure:2962: found /usr/bin/mpif90
configure:2973: result: mpif90
configure:2999: checking for Fortran compiler version
configure:3007: mpif90 --version >&5
GNU Fortran (Ubuntu 4.8.4-2ubuntu1~14.04) 4.8.4
Copyright (C) 2013 Free Software Foundation, Inc.

GNU Fortran comes with NO WARRANTY, to the extent permitted by law.
You may redistribute copies of GNU Fortran
under the terms of the GNU General Public License.
For more information about these matters, see the file named COPYING

configure:3011: $? = 0
configure:3018: mpif90 -v >&5
Using built-in specs.
COLLECT_GCC=/usr/bin/gfortran
COLLECT_LTO_WRAPPER=/usr/lib/gcc/powerpc64le-linux-gnu/4.8/lto-wrapper
Target: powerpc64le-linux-gnu
Configured with: ../src/configure -v --with-pkgversion='Ubuntu 4.8.4-2ubuntu1~14.04' --with-bugurl=file:///usr/share/doc/gcc-4.8/README.Bugs --enable-languages=c,c++,java,go,d,fortran,objc,obj-c++ --prefix=/usr --program-suffix=-4.8 --enable-shared --enable-linker-build-id --libexecdir=/usr/lib --without-included-gettext --enable-threads=posix --with-gxx-include-dir=/usr/include/c++/4.8 --libdir=/usr/lib --enable-nls --with-sysroot=/ --enable-clocale=gnu --enable-libstdcxx-debug --enable-libstdcxx-time=yes --enable-gnu-unique-object --disable-libmudflap --disable-libsanitizer --disable-libsanitizer --disable-libquadmath --enable-plugin --with-system-zlib --disable-browser-plugin --enable-java-awt=gtk --enable-gtk-cairo --with-java-home=/usr/lib/jvm/java-1.5.0-gcj-4.8-ppc64el/jre --enable-java-home --with-jvm-root-dir=/usr/lib/jvm/java-1.5.0-gcj-4.8-ppc64el --with-jvm-jar-dir=/usr/lib/jvm-exports/java-1.5.0-gcj-4.8-ppc64el --with-arch-directory=ppc64el --with-ecj-jar=/usr/share/java/eclipse-ecj.jar --enable-objc-gc --enable-secureplt --with-cpu=power7 --with-tune=power8 --enable-targets=powerpcle-linux --disable-multilib --enable-multiarch --disable-werror --with-long-double-128 --enable-checking=release --build=powerpc64le-linux-gnu --host=powerpc64le-linux-gnu --target=powerpc64le-linux-gnu
Thread model: posix
gcc version 4.8.4 (Ubuntu 4.8.4-2ubuntu1~14.04) 
configure:3022: $? = 0
configure:3029: mpif90 -V >&5
gfortran: error: unrecognized command line option '-V'
gfortran: fatal error: no input files
compilation terminated.
configure:3033: $? = 4
configure:3041: checking whether we are using the GNU Fortran compiler
configure:3060: mpif90 -c -g  conftest.F >&5
configure:3067: $? = 0
configure:3084: result: yes
configure:3090: checking whether mpif90 accepts -g
configure:3107: mpif90 -c -g  conftest.f90 >&5
configure:3114: $? = 0
configure:3130: result: yes
configure:3669: checking for xlc_r
configure:3685: found /usr/bin/xlc_r
configure:3696: result: xlc_r
configure:3730: checking for C compiler version
configure:3738: xlc_r --version >&5
IBM XL C/C++ for Linux, V13.1.2 (5725-C73, 5765-J08)
Version: 13.01.0002.0000
configure:3742: $? = 0
configure:3749: xlc_r -v >&5
/opt/ibm/xlC/13.1.2/bin/.orig/xlc_r: error: 1501-294 No input file specified. Please use -qhelp for more information.
exec: export(export,XL_CONFIG=/opt/ibm/xlC/13.1.2/etc/xlc.cfg.ubuntu.14.04.gcc.4.8.4:xlc_r,NULL) 
unlink: /tmp/xlcW0pxOqdv
unlink: /tmp/xlcW1PRu3HO
unlink: /tmp/xlcW28W5Fc8
configure:3753: $? = 249
configure:3760: xlc_r -V >&5
/opt/ibm/xlC/13.1.2/bin/.orig/xlc_r: error: 1501-294 No input file specified. Please use -qhelp for more information.
export XL_CONFIG=/opt/ibm/xlC/13.1.2/etc/xlc.cfg.ubuntu.14.04.gcc.4.8.4:xlc_r 
rm /tmp/xlcW0M6VvLy
rm /tmp/xlcW1vuCxgS
rm /tmp/xlcW22kdzLb
configure:3764: $? = 249
configure:3767: checking whether we are using the GNU C compiler
configure:3796: xlc_r -c   conftest.c >&5
configure:3803: $? = 0
configure:3820: result: yes
configure:3829: checking whether xlc_r accepts -g
configure:3859: xlc_r -c -g  conftest.c >&5
configure:3866: $? = 0
configure:3967: result: yes
configure:3984: checking for xlc_r option to accept ISO C89
configure:4058: xlc_r  -c -g -O2  conftest.c >&5
configure:4065: $? = 0
configure:4088: result: none needed
configure:4119: checking how to run the C preprocessor
configure:4159: xlc_r -E  conftest.c
configure:4166: $? = 0
configure:4197: xlc_r -E  conftest.c
conftest.c:8:10: fatal error: 'ac_nonexistent.h' file not found
#include <ac_nonexistent.h>
         ^
configure:4204: $? = 1
configure: failed program was:
| /* confdefs.h.  */
| #define PACKAGE_NAME "ESPRESSO"
| #define PACKAGE_TARNAME "espresso"
| #define PACKAGE_VERSION "5.2.0"
| #define PACKAGE_STRING "ESPRESSO 5.2.0"
| #define PACKAGE_BUGREPORT ""
| /* end confdefs.h.  */
| #include <ac_nonexistent.h>
configure:4237: result: xlc_r -E
configure:4266: xlc_r -E  conftest.c
configure:4273: $? = 0
configure:4304: xlc_r -E  conftest.c
conftest.c:8:10: fatal error: 'ac_nonexistent.h' file not found
#include <ac_nonexistent.h>
         ^
configure:4311: $? = 1
configure: failed program was:
| /* confdefs.h.  */
| #define PACKAGE_NAME "ESPRESSO"
| #define PACKAGE_TARNAME "espresso"
| #define PACKAGE_VERSION "5.2.0"
| #define PACKAGE_STRING "ESPRESSO 5.2.0"
| #define PACKAGE_BUGREPORT ""
| /* end confdefs.h.  */
| #include <ac_nonexistent.h>
configure:4351: checking for grep that handles long lines and -e
configure:4411: result: /bin/grep
configure:4416: checking for egrep
configure:4480: result: /bin/grep -E
configure:4485: checking for ANSI C header files
configure:4515: xlc_r -c -g -O2  conftest.c >&5
configure:4522: $? = 0
configure:4653: result: yes
configure:4677: checking for sys/types.h
configure:4698: xlc_r -c -g -O2  conftest.c >&5
configure:4705: $? = 0
configure:4722: result: yes
configure:4677: checking for sys/stat.h
configure:4698: xlc_r -c -g -O2  conftest.c >&5
configure:4705: $? = 0
configure:4722: result: yes
configure:4677: checking for stdlib.h
configure:4698: xlc_r -c -g -O2  conftest.c >&5
configure:4705: $? = 0
configure:4722: result: yes
configure:4677: checking for string.h
configure:4698: xlc_r -c -g -O2  conftest.c >&5
configure:4705: $? = 0
configure:4722: result: yes
configure:4677: checking for memory.h
configure:4698: xlc_r -c -g -O2  conftest.c >&5
configure:4705: $? = 0
configure:4722: result: yes
configure:4677: checking for strings.h
configure:4698: xlc_r -c -g -O2  conftest.c >&5
configure:4705: $? = 0
configure:4722: result: yes
configure:4677: checking for inttypes.h
configure:4698: xlc_r -c -g -O2  conftest.c >&5
configure:4705: $? = 0
configure:4722: result: yes
configure:4677: checking for stdint.h
configure:4698: xlc_r -c -g -O2  conftest.c >&5
configure:4705: $? = 0
configure:4722: result: yes
configure:4677: checking for unistd.h
configure:4698: xlc_r -c -g -O2  conftest.c >&5
configure:4705: $? = 0
configure:4722: result: yes
configure:4740: checking size of int *
configure:4770: xlc_r -c -g -O2  conftest.c >&5
configure:4777: $? = 0
configure:4807: xlc_r -c -g -O2  conftest.c >&5
conftest.c:54:24: error: 'test_array' declared as an array with a negative size
static int test_array [1 - 2 * !(((long int) (sizeof (int *))) <= 0)];
                       ^~~~~~~~~~~~~~~~~~~~~~~~~~~~~~~~~~~~~~~~~~~~~
1 error generated.
Error while processing conftest.c.
configure:4814: $? = 1
configure: failed program was:
| /* confdefs.h.  */
| #define PACKAGE_NAME "ESPRESSO"
| #define PACKAGE_TARNAME "espresso"
| #define PACKAGE_VERSION "5.2.0"
| #define PACKAGE_STRING "ESPRESSO 5.2.0"
| #define PACKAGE_BUGREPORT ""
| #define STDC_HEADERS 1
| #define HAVE_SYS_TYPES_H 1
| #define HAVE_SYS_STAT_H 1
| #define HAVE_STDLIB_H 1
| #define HAVE_STRING_H 1
| #define HAVE_MEMORY_H 1
| #define HAVE_STRINGS_H 1
| #define HAVE_INTTYPES_H 1
| #define HAVE_STDINT_H 1
| #define HAVE_UNISTD_H 1
| /* end confdefs.h.  */
| #include <stdio.h>
| #ifdef HAVE_SYS_TYPES_H
| # include <sys/types.h>
| #endif
| #ifdef HAVE_SYS_STAT_H
| # include <sys/stat.h>
| #endif
| #ifdef STDC_HEADERS
| # include <stdlib.h>
| # include <stddef.h>
| #else
| # ifdef HAVE_STDLIB_H
| #  include <stdlib.h>
| # endif
| #endif
| #ifdef HAVE_STRING_H
| # if !defined STDC_HEADERS && defined HAVE_MEMORY_H
| #  include <memory.h>
| # endif
| # include <string.h>
| #endif
| #ifdef HAVE_STRINGS_H
| # include <strings.h>
| #endif
| #ifdef HAVE_INTTYPES_H
| # include <inttypes.h>
| #endif
| #ifdef HAVE_STDINT_H
| # include <stdint.h>
| #endif
| #ifdef HAVE_UNISTD_H
| # include <unistd.h>
| #endif
| int
| main ()
| {
| static int test_array [1 - 2 * !(((long int) (sizeof (int *))) <= 0)];
| test_array [0] = 0
| 
|   ;
|   return 0;
| }
configure:4807: xlc_r -c -g -O2  conftest.c >&5
conftest.c:54:24: error: 'test_array' declared as an array with a negative size
static int test_array [1 - 2 * !(((long int) (sizeof (int *))) <= 1)];
                       ^~~~~~~~~~~~~~~~~~~~~~~~~~~~~~~~~~~~~~~~~~~~~
1 error generated.
Error while processing conftest.c.
configure:4814: $? = 1
configure: failed program was:
| /* confdefs.h.  */
| #define PACKAGE_NAME "ESPRESSO"
| #define PACKAGE_TARNAME "espresso"
| #define PACKAGE_VERSION "5.2.0"
| #define PACKAGE_STRING "ESPRESSO 5.2.0"
| #define PACKAGE_BUGREPORT ""
| #define STDC_HEADERS 1
| #define HAVE_SYS_TYPES_H 1
| #define HAVE_SYS_STAT_H 1
| #define HAVE_STDLIB_H 1
| #define HAVE_STRING_H 1
| #define HAVE_MEMORY_H 1
| #define HAVE_STRINGS_H 1
| #define HAVE_INTTYPES_H 1
| #define HAVE_STDINT_H 1
| #define HAVE_UNISTD_H 1
| /* end confdefs.h.  */
| #include <stdio.h>
| #ifdef HAVE_SYS_TYPES_H
| # include <sys/types.h>
| #endif
| #ifdef HAVE_SYS_STAT_H
| # include <sys/stat.h>
| #endif
| #ifdef STDC_HEADERS
| # include <stdlib.h>
| # include <stddef.h>
| #else
| # ifdef HAVE_STDLIB_H
| #  include <stdlib.h>
| # endif
| #endif
| #ifdef HAVE_STRING_H
| # if !defined STDC_HEADERS && defined HAVE_MEMORY_H
| #  include <memory.h>
| # endif
| # include <string.h>
| #endif
| #ifdef HAVE_STRINGS_H
| # include <strings.h>
| #endif
| #ifdef HAVE_INTTYPES_H
| # include <inttypes.h>
| #endif
| #ifdef HAVE_STDINT_H
| # include <stdint.h>
| #endif
| #ifdef HAVE_UNISTD_H
| # include <unistd.h>
| #endif
| int
| main ()
| {
| static int test_array [1 - 2 * !(((long int) (sizeof (int *))) <= 1)];
| test_array [0] = 0
| 
|   ;
|   return 0;
| }
configure:4807: xlc_r -c -g -O2  conftest.c >&5
conftest.c:54:24: error: 'test_array' declared as an array with a negative size
static int test_array [1 - 2 * !(((long int) (sizeof (int *))) <= 3)];
                       ^~~~~~~~~~~~~~~~~~~~~~~~~~~~~~~~~~~~~~~~~~~~~
1 error generated.
Error while processing conftest.c.
configure:4814: $? = 1
configure: failed program was:
| /* confdefs.h.  */
| #define PACKAGE_NAME "ESPRESSO"
| #define PACKAGE_TARNAME "espresso"
| #define PACKAGE_VERSION "5.2.0"
| #define PACKAGE_STRING "ESPRESSO 5.2.0"
| #define PACKAGE_BUGREPORT ""
| #define STDC_HEADERS 1
| #define HAVE_SYS_TYPES_H 1
| #define HAVE_SYS_STAT_H 1
| #define HAVE_STDLIB_H 1
| #define HAVE_STRING_H 1
| #define HAVE_MEMORY_H 1
| #define HAVE_STRINGS_H 1
| #define HAVE_INTTYPES_H 1
| #define HAVE_STDINT_H 1
| #define HAVE_UNISTD_H 1
| /* end confdefs.h.  */
| #include <stdio.h>
| #ifdef HAVE_SYS_TYPES_H
| # include <sys/types.h>
| #endif
| #ifdef HAVE_SYS_STAT_H
| # include <sys/stat.h>
| #endif
| #ifdef STDC_HEADERS
| # include <stdlib.h>
| # include <stddef.h>
| #else
| # ifdef HAVE_STDLIB_H
| #  include <stdlib.h>
| # endif
| #endif
| #ifdef HAVE_STRING_H
| # if !defined STDC_HEADERS && defined HAVE_MEMORY_H
| #  include <memory.h>
| # endif
| # include <string.h>
| #endif
| #ifdef HAVE_STRINGS_H
| # include <strings.h>
| #endif
| #ifdef HAVE_INTTYPES_H
| # include <inttypes.h>
| #endif
| #ifdef HAVE_STDINT_H
| # include <stdint.h>
| #endif
| #ifdef HAVE_UNISTD_H
| # include <unistd.h>
| #endif
| int
| main ()
| {
| static int test_array [1 - 2 * !(((long int) (sizeof (int *))) <= 3)];
| test_array [0] = 0
| 
|   ;
|   return 0;
| }
configure:4807: xlc_r -c -g -O2  conftest.c >&5
conftest.c:54:24: error: 'test_array' declared as an array with a negative size
static int test_array [1 - 2 * !(((long int) (sizeof (int *))) <= 7)];
                       ^~~~~~~~~~~~~~~~~~~~~~~~~~~~~~~~~~~~~~~~~~~~~
1 error generated.
Error while processing conftest.c.
configure:4814: $? = 1
configure: failed program was:
| /* confdefs.h.  */
| #define PACKAGE_NAME "ESPRESSO"
| #define PACKAGE_TARNAME "espresso"
| #define PACKAGE_VERSION "5.2.0"
| #define PACKAGE_STRING "ESPRESSO 5.2.0"
| #define PACKAGE_BUGREPORT ""
| #define STDC_HEADERS 1
| #define HAVE_SYS_TYPES_H 1
| #define HAVE_SYS_STAT_H 1
| #define HAVE_STDLIB_H 1
| #define HAVE_STRING_H 1
| #define HAVE_MEMORY_H 1
| #define HAVE_STRINGS_H 1
| #define HAVE_INTTYPES_H 1
| #define HAVE_STDINT_H 1
| #define HAVE_UNISTD_H 1
| /* end confdefs.h.  */
| #include <stdio.h>
| #ifdef HAVE_SYS_TYPES_H
| # include <sys/types.h>
| #endif
| #ifdef HAVE_SYS_STAT_H
| # include <sys/stat.h>
| #endif
| #ifdef STDC_HEADERS
| # include <stdlib.h>
| # include <stddef.h>
| #else
| # ifdef HAVE_STDLIB_H
| #  include <stdlib.h>
| # endif
| #endif
| #ifdef HAVE_STRING_H
| # if !defined STDC_HEADERS && defined HAVE_MEMORY_H
| #  include <memory.h>
| # endif
| # include <string.h>
| #endif
| #ifdef HAVE_STRINGS_H
| # include <strings.h>
| #endif
| #ifdef HAVE_INTTYPES_H
| # include <inttypes.h>
| #endif
| #ifdef HAVE_STDINT_H
| # include <stdint.h>
| #endif
| #ifdef HAVE_UNISTD_H
| # include <unistd.h>
| #endif
| int
| main ()
| {
| static int test_array [1 - 2 * !(((long int) (sizeof (int *))) <= 7)];
| test_array [0] = 0
| 
|   ;
|   return 0;
| }
configure:4807: xlc_r -c -g -O2  conftest.c >&5
configure:4814: $? = 0
configure:4962: xlc_r -c -g -O2  conftest.c >&5
configure:4969: $? = 0
configure:4962: xlc_r -c -g -O2  conftest.c >&5
configure:4969: $? = 0
configure:4962: xlc_r -c -g -O2  conftest.c >&5
configure:4969: $? = 0
configure:5085: result: 8
configure:5111: checking malloc.h usability
configure:5128: xlc_r -c -g -O2  conftest.c >&5
configure:5135: $? = 0
configure:5149: result: yes
configure:5153: checking malloc.h presence
configure:5168: xlc_r -E  conftest.c
configure:5175: $? = 0
configure:5189: result: yes
configure:5217: checking for malloc.h
configure:5224: result: yes
configure:5237: checking for struct mallinfo.arena
configure:5266: xlc_r -c -g -O2  conftest.c >&5
configure:5273: $? = 0
configure:5332: result: yes
configure:5399: checking for xlf_r
configure:5415: found /usr/bin/xlf_r
configure:5426: result: xlf_r
configure:5452: checking for Fortran 77 compiler version
configure:5460: xlf_r --version >&5
/opt/ibm/xlf/15.1.2/bin/.orig/xlf_r: 1501-216 (W) command option --version is not recognized - passed to ld
/opt/ibm/xlf/15.1.2/bin/.orig/xlf_r: 1501-294 (S) No input file specified. Please use -qhelp for more information.
configure:5464: $? = 249
configure:5471: xlf_r -v >&5
/opt/ibm/xlf/15.1.2/bin/.orig/xlf_r: 1501-294 (S) No input file specified. Please use -qhelp for more information.
exec: export(export,XL_CONFIG=/opt/ibm/xlf/15.1.2/etc/xlf.cfg.ubuntu.14.04.gcc.4.8.4:xlf_r,NULL) 
unlink: /tmp/optf.60241E3GsVu
unlink: /tmp/version.60241u6J74P
configure:5475: $? = 249
configure:5482: xlf_r -V >&5
/opt/ibm/xlf/15.1.2/bin/.orig/xlf_r: 1501-294 (S) No input file specified. Please use -qhelp for more information.
export XL_CONFIG=/opt/ibm/xlf/15.1.2/etc/xlf.cfg.ubuntu.14.04.gcc.4.8.4:xlf_r 
rm /tmp/optf.6024728OI2x
rm /tmp/version.60247UJYKcT
configure:5486: $? = 249
configure:5494: checking whether we are using the GNU Fortran 77 compiler
configure:5513: xlf_r -c  conftest.F >&5
"conftest.F", line 3.15: 1515-019 (S) Syntax is incorrect.
** main   === End of Compilation 1 ===
1501-511  Compilation failed for file conftest.F.
configure:5520: $? = 1
configure: failed program was:
|       program main
| #ifndef __GNUC__
|        choke me
| #endif
| 
|       end
configure:5537: result: no
configure:5543: checking whether xlf_r accepts -g
configure:5560: xlf_r -c -g conftest.f >&5
** main   === End of Compilation 1 ===
1501-510  Compilation successful for file conftest.f.
configure:5567: $? = 0
configure:5583: result: yes
configure:5967: checking whether make sets $(MAKE)
configure:5989: result: yes
configure:6030: checking how to get verbose linking output from xlf_r
configure:6046: xlf_r -c -g conftest.f >&5
** main   === End of Compilation 1 ===
1501-510  Compilation successful for file conftest.f.
configure:6053: $? = 0
configure:6075: xlf_r -o conftest -g -v conftest.f
exec: export(export,XL_CONFIG=/opt/ibm/xlf/15.1.2/etc/xlf.cfg.ubuntu.14.04.gcc.4.8.4:xlf_r,NULL) 
exec: export(export,XL_DIS=/opt/ibm/xlf/15.1.2/exe/dis -o "conftest" "conftest.o",NULL) 
exec: /opt/ibm/xlf/15.1.2/exe/xlfentry(/opt/ibm/xlf/15.1.2/exe/xlfentry,conftest.f,/tmp/F860321OzNLaB,/tmp/F860321OzNLaBF.lst,xlfsmsg.cat,xlfmsg.cat,conftest.f,OSVAR(ubuntu.14.04),THREADED,NOZEROSIZE,ALIAS(intptr),POSITION(appendold),XLF90(noautodealloc,nosignedzero,oldpad),XLF77(intarg,intxor,noleadzero,gedit77,noblankpad,oldboz,softeof),XLF2003(nopolymorphic,nobozlitargs,nostopexcept,novolatile,noautorealloc,oldnaninf),XLF2008(nocheckpresence),64,GNU_VERSION(4.8.4),SAVEOPTFILE(/tmp/optf.60321GuCJrz),SAVEVERSIONFILE(/tmp/version.60321priKGU),DBG,WSTREAMS(/tmp/F8603212RMKVfh1,/tmp/F8603212RMKVfb1,/tmp/F8603212RMKVfs1),DEFMSG(/opt/ibm/xlf/15.1.2/msg/en_US),-I/opt/ibm/xlmass/8.1.2/include,-I/opt/ibm/xlsmp/4.1.2/include,-I/opt/ibm/xlf/15.1.2/include,NULL) 
** main   === End of Compilation 1 ===
exec: export(export,XL_FRONTEND=/opt/ibm/xlf/15.1.2/exe/xlfentry,NULL) 
exec: export(export,XL_ASTI=/opt/ibm/xlf/15.1.2/exe/xlfhot,NULL) 
exec: export(export,XL_BACKEND=/opt/ibm/xlf/15.1.2/exe/xlfcode,NULL) 
exec: export(export,XL_LINKER=/usr/bin/ld,NULL) 
exec: export(export,XL_BOLT=/opt/ibm/xlf/15.1.2/exe/bolt,NULL) 
exec: /opt/ibm/xlf/15.1.2/exe/xlfhot(/opt/ibm/xlf/15.1.2/exe/xlfhot,/tmp/F8603212RMKVfh1,/tmp/F8603212RMKVfh2,/tmp/F8603212RMKVfb1,/tmp/F8603212RMKVfb2,/tmp/F8603212RMKVfs1,/tmp/F8603212RMKVfs2,/tmp/F860321OzNLaB,/tmp/F860321OzNLaBA.lst,NULL) 
exec: export(export,XL_FRONTEND=/opt/ibm/xlf/15.1.2/exe/xlfentry,NULL) 
exec: export(export,XL_ASTI=/opt/ibm/xlf/15.1.2/exe/xlfhot,NULL) 
exec: export(export,XL_BACKEND=/opt/ibm/xlf/15.1.2/exe/xlfcode,NULL) 
exec: export(export,XL_LINKER=/usr/bin/ld,NULL) 
exec: export(export,XL_BOLT=/opt/ibm/xlf/15.1.2/exe/bolt,NULL) 
exec: /opt/ibm/xlf/15.1.2/exe/xlfcode(/opt/ibm/xlf/15.1.2/exe/xlfcode,/tmp/F8603212RMKVfh2,/tmp/F8603212RMKVfb2,conftest.o,/tmp/F860321OzNLaBB.lst,/tmp/F8603212RMKVfs2,NULL) 
1501-510  Compilation successful for file conftest.f.
exec: /usr/bin/ld(ld,--eh-frame-hdr,-Qy,-melf64lppc,/usr/lib/gcc/powerpc64le-linux-gnu/4.8/../../../powerpc64le-linux-gnu/crt1.o,/usr/lib/gcc/powerpc64le-linux-gnu/4.8/../../../powerpc64le-linux-gnu/crti.o,/usr/lib/gcc/powerpc64le-linux-gnu/4.8/crtbegin.o,-L/opt/ibm/xlsmp/4.1.2/lib,-L/opt/ibm/xlmass/8.1.2/lib,-L/opt/ibm/xlf/15.1.2/lib,-R/opt/ibm/lib,-L/usr/lib/gcc/powerpc64le-linux-gnu/4.8,-L/usr/lib/gcc/powerpc64le-linux-gnu/4.8/../../../powerpc64le-linux-gnu,-L/usr/lib/gcc/powerpc64le-linux-gnu/4.8/../../../../lib,-L/lib/powerpc64le-linux-gnu,-L/lib/../lib,-L/usr/lib/powerpc64le-linux-gnu,-L/usr/lib/../lib,-L/usr/lib/gcc/powerpc64le-linux-gnu/4.8/../../..,--no-toc-optimize,--no-toc-optimize,--no-toc-optimize,--no-toc-optimize,--no-toc-optimize,-o,conftest,conftest.o,-dynamic-linker,/lib64/ld64.so.2,--enable-new-dtags,-lxlf90_r,-lxlopt,-lxlomp_ser,-lxl,-lxlfmath,-lgcc_s,-ldl,-lrt,-lpthread,-lgcc,-lm,-lc,-lgcc_s,-lgcc,/usr/lib/gcc/powerpc64le-linux-gnu/4.8/crtend.o,/usr/lib/gcc/powerpc64le-linux-gnu/4.8/../../../powerpc64le-linux-gnu/crtn.o,NULL)  |
exec: /usr/bin/awk(/usr/bin/awk,BEGIN{a=0;b=0;s=""};{if(($0!~/.*-224.*@TP.*/)&&($0!~/.*-34[45].*loadmap.*/||b==1||a==0)){b=1;print $0;}else{a=1;if((s=="")&& $0 ~ /.*-34[45].*loadmap.*/){s=$0}}};END{if(b==1 && s!=""){print s}},NULL) 
unlink: /tmp/optf.60321GuCJrz
unlink: conftest.o
configure:6144: result: -v
configure:6146: checking for Fortran 77 libraries of xlf_r
configure:6169: xlf_r -o conftest -g -v conftest.f
exec: export(export,XL_CONFIG=/opt/ibm/xlf/15.1.2/etc/xlf.cfg.ubuntu.14.04.gcc.4.8.4:xlf_r,NULL) 
exec: export(export,XL_DIS=/opt/ibm/xlf/15.1.2/exe/dis -o "conftest" "conftest.o",NULL) 
exec: /opt/ibm/xlf/15.1.2/exe/xlfentry(/opt/ibm/xlf/15.1.2/exe/xlfentry,conftest.f,/tmp/F860348yMq4bG,/tmp/F860348yMq4bGF.lst,xlfsmsg.cat,xlfmsg.cat,conftest.f,OSVAR(ubuntu.14.04),THREADED,NOZEROSIZE,ALIAS(intptr),POSITION(appendold),XLF90(noautodealloc,nosignedzero,oldpad),XLF77(intarg,intxor,noleadzero,gedit77,noblankpad,oldboz,softeof),XLF2003(nopolymorphic,nobozlitargs,nostopexcept,novolatile,noautorealloc,oldnaninf),XLF2008(nocheckpresence),64,GNU_VERSION(4.8.4),SAVEOPTFILE(/tmp/optf.60348lGY8kE),SAVEVERSIONFILE(/tmp/version.60348IFzMCZ),DBG,WSTREAMS(/tmp/F860348h1xqUkh1,/tmp/F860348h1xqUkb1,/tmp/F860348h1xqUks1),DEFMSG(/opt/ibm/xlf/15.1.2/msg/en_US),-I/opt/ibm/xlmass/8.1.2/include,-I/opt/ibm/xlsmp/4.1.2/include,-I/opt/ibm/xlf/15.1.2/include,NULL) 
** main   === End of Compilation 1 ===
exec: export(export,XL_FRONTEND=/opt/ibm/xlf/15.1.2/exe/xlfentry,NULL) 
exec: export(export,XL_ASTI=/opt/ibm/xlf/15.1.2/exe/xlfhot,NULL) 
exec: export(export,XL_BACKEND=/opt/ibm/xlf/15.1.2/exe/xlfcode,NULL) 
exec: export(export,XL_LINKER=/usr/bin/ld,NULL) 
exec: export(export,XL_BOLT=/opt/ibm/xlf/15.1.2/exe/bolt,NULL) 
exec: /opt/ibm/xlf/15.1.2/exe/xlfhot(/opt/ibm/xlf/15.1.2/exe/xlfhot,/tmp/F860348h1xqUkh1,/tmp/F860348h1xqUkh2,/tmp/F860348h1xqUkb1,/tmp/F860348h1xqUkb2,/tmp/F860348h1xqUks1,/tmp/F860348h1xqUks2,/tmp/F860348yMq4bG,/tmp/F860348yMq4bGA.lst,NULL) 
exec: export(export,XL_FRONTEND=/opt/ibm/xlf/15.1.2/exe/xlfentry,NULL) 
exec: export(export,XL_ASTI=/opt/ibm/xlf/15.1.2/exe/xlfhot,NULL) 
exec: export(export,XL_BACKEND=/opt/ibm/xlf/15.1.2/exe/xlfcode,NULL) 
exec: export(export,XL_LINKER=/usr/bin/ld,NULL) 
exec: export(export,XL_BOLT=/opt/ibm/xlf/15.1.2/exe/bolt,NULL) 
exec: /opt/ibm/xlf/15.1.2/exe/xlfcode(/opt/ibm/xlf/15.1.2/exe/xlfcode,/tmp/F860348h1xqUkh2,/tmp/F860348h1xqUkb2,conftest.o,/tmp/F860348yMq4bGB.lst,/tmp/F860348h1xqUks2,NULL) 
1501-510  Compilation successful for file conftest.f.
exec: /usr/bin/ld(ld,--eh-frame-hdr,-Qy,-melf64lppc,/usr/lib/gcc/powerpc64le-linux-gnu/4.8/../../../powerpc64le-linux-gnu/crt1.o,/usr/lib/gcc/powerpc64le-linux-gnu/4.8/../../../powerpc64le-linux-gnu/crti.o,/usr/lib/gcc/powerpc64le-linux-gnu/4.8/crtbegin.o,-L/opt/ibm/xlsmp/4.1.2/lib,-L/opt/ibm/xlmass/8.1.2/lib,-L/opt/ibm/xlf/15.1.2/lib,-R/opt/ibm/lib,-L/usr/lib/gcc/powerpc64le-linux-gnu/4.8,-L/usr/lib/gcc/powerpc64le-linux-gnu/4.8/../../../powerpc64le-linux-gnu,-L/usr/lib/gcc/powerpc64le-linux-gnu/4.8/../../../../lib,-L/lib/powerpc64le-linux-gnu,-L/lib/../lib,-L/usr/lib/powerpc64le-linux-gnu,-L/usr/lib/../lib,-L/usr/lib/gcc/powerpc64le-linux-gnu/4.8/../../..,--no-toc-optimize,--no-toc-optimize,--no-toc-optimize,--no-toc-optimize,--no-toc-optimize,-o,conftest,conftest.o,-dynamic-linker,/lib64/ld64.so.2,--enable-new-dtags,-lxlf90_r,-lxlopt,-lxlomp_ser,-lxl,-lxlfmath,-lgcc_s,-ldl,-lrt,-lpthread,-lgcc,-lm,-lc,-lgcc_s,-lgcc,/usr/lib/gcc/powerpc64le-linux-gnu/4.8/crtend.o,/usr/lib/gcc/powerpc64le-linux-gnu/4.8/../../../powerpc64le-linux-gnu/crtn.o,NULL)  |
exec: /usr/bin/awk(/usr/bin/awk,BEGIN{a=0;b=0;s=""};{if(($0!~/.*-224.*@TP.*/)&&($0!~/.*-34[45].*loadmap.*/||b==1||a==0)){b=1;print $0;}else{a=1;if((s=="")&& $0 ~ /.*-34[45].*loadmap.*/){s=$0}}};END{if(b==1 && s!=""){print s}},NULL) 
unlink: /tmp/optf.60348lGY8kE
unlink: conftest.o
configure:6346: result:  -L/opt/ibm/xlsmp/4.1.2/lib -L/opt/ibm/xlmass/8.1.2/lib -L/opt/ibm/xlf/15.1.2/lib -R/opt/ibm/lib -L/usr/lib/gcc/powerpc64le-linux-gnu/4.8 -L/usr/lib/gcc/powerpc64le-linux-gnu/4.8/../../../powerpc64le-linux-gnu -L/usr/lib/gcc/powerpc64le-linux-gnu/4.8/../../../../lib -L/lib/powerpc64le-linux-gnu -L/lib/../lib -L/usr/lib/powerpc64le-linux-gnu -L/usr/lib/../lib -L/usr/lib/gcc/powerpc64le-linux-gnu/4.8/../../.. -lxlf90_r -lxlopt -lxlomp_ser -lxl -lxlfmath -ldl -lrt -lpthread -lm
configure:6362: checking for dummy main to link with Fortran 77 libraries
configure:6406: xlc_r -o conftest -g -O2   conftest.c   -L/opt/ibm/xlsmp/4.1.2/lib -L/opt/ibm/xlmass/8.1.2/lib -L/opt/ibm/xlf/15.1.2/lib -R/opt/ibm/lib -L/usr/lib/gcc/powerpc64le-linux-gnu/4.8 -L/usr/lib/gcc/powerpc64le-linux-gnu/4.8/../../../powerpc64le-linux-gnu -L/usr/lib/gcc/powerpc64le-linux-gnu/4.8/../../../../lib -L/lib/powerpc64le-linux-gnu -L/lib/../lib -L/usr/lib/powerpc64le-linux-gnu -L/usr/lib/../lib -L/usr/lib/gcc/powerpc64le-linux-gnu/4.8/../../.. -lxlf90_r -lxlopt -lxlomp_ser -lxl -lxlfmath -ldl -lrt -lpthread -lm >&5
configure:6413: $? = 0
configure:6501: result: none
configure:6540: checking for Fortran 77 name-mangling scheme
configure:6559: xlf_r -c -g conftest.f >&5
** foobar   === End of Compilation 1 ===
** foo_bar   === End of Compilation 2 ===
1501-510  Compilation successful for file conftest.f.
configure:6566: $? = 0
configure:6621: xlc_r -o conftest -g -O2   conftest.c cfortran_test.o   -L/opt/ibm/xlsmp/4.1.2/lib -L/opt/ibm/xlmass/8.1.2/lib -L/opt/ibm/xlf/15.1.2/lib -R/opt/ibm/lib -L/usr/lib/gcc/powerpc64le-linux-gnu/4.8 -L/usr/lib/gcc/powerpc64le-linux-gnu/4.8/../../../powerpc64le-linux-gnu -L/usr/lib/gcc/powerpc64le-linux-gnu/4.8/../../../../lib -L/lib/powerpc64le-linux-gnu -L/lib/../lib -L/usr/lib/powerpc64le-linux-gnu -L/usr/lib/../lib -L/usr/lib/gcc/powerpc64le-linux-gnu/4.8/../../.. -lxlf90_r -lxlopt -lxlomp_ser -lxl -lxlfmath -ldl -lrt -lpthread -lm >&5
configure:6628: $? = 0
configure:6710: xlc_r -o conftest -g -O2   conftest.c cfortran_test.o   -L/opt/ibm/xlsmp/4.1.2/lib -L/opt/ibm/xlmass/8.1.2/lib -L/opt/ibm/xlf/15.1.2/lib -R/opt/ibm/lib -L/usr/lib/gcc/powerpc64le-linux-gnu/4.8 -L/usr/lib/gcc/powerpc64le-linux-gnu/4.8/../../../powerpc64le-linux-gnu -L/usr/lib/gcc/powerpc64le-linux-gnu/4.8/../../../../lib -L/lib/powerpc64le-linux-gnu -L/lib/../lib -L/usr/lib/powerpc64le-linux-gnu -L/usr/lib/../lib -L/usr/lib/gcc/powerpc64le-linux-gnu/4.8/../../.. -lxlf90_r -lxlopt -lxlomp_ser -lxl -lxlfmath -ldl -lrt -lpthread -lm >&5
configure:6717: $? = 0
configure:6780: result: lower case, no underscore, no extra underscore
configure:9649: checking for library containing dspev
configure:9673: xlf90_r -o conftest -q64 -qthreaded -O3 -qnohot -qstrict -qsuffix=cpp=f90 -qalias=nointptr -Q  -qfree=f90 -q64 -qthreaded conftest.f -L/usr/lib -lessl >&5
** main   === End of Compilation 1 ===
1501-510  Compilation successful for file conftest.f.
conftest.o: In function `main':
conftest.f:(.text+0x14): undefined reference to `dspev'
configure:9680: $? = 1
configure: failed program was:
|       program main
|       call dspev
|       end
configure:9673: xlf90_r -o conftest -q64 -qthreaded -O3 -qnohot -qstrict -qsuffix=cpp=f90 -qalias=nointptr -Q  -qfree=f90 -q64 -qthreaded conftest.f -lessl  -L/usr/lib -lessl >&5
** main   === End of Compilation 1 ===
1501-510  Compilation successful for file conftest.f.
conftest.o: In function `main':
conftest.f:(.text+0x14): undefined reference to `dspev'
configure:9680: $? = 1
configure: failed program was:
|       program main
|       call dspev
|       end
configure:9711: result: no
configure:9838: checking for library containing dspev
configure:9862: xlf90_r -o conftest -q64 -qthreaded -O3 -qnohot -qstrict -qsuffix=cpp=f90 -qalias=nointptr -Q  -qfree=f90 -q64 -qthreaded  conftest.f -L/usr/lib -lessl >&5
** main   === End of Compilation 1 ===
1501-510  Compilation successful for file conftest.f.
conftest.o: In function `main':
conftest.f:(.text+0x14): undefined reference to `dspev'
configure:9869: $? = 1
configure: failed program was:
|       program main
|       call dspev
|       end
configure:9862: xlf90_r -o conftest -q64 -qthreaded -O3 -qnohot -qstrict -qsuffix=cpp=f90 -qalias=nointptr -Q  -qfree=f90 -q64 -qthreaded  conftest.f -llapack-3  -L/usr/lib -lessl >&5
** main   === End of Compilation 1 ===
1501-510  Compilation successful for file conftest.f.
ld: cannot find -llapack-3
configure:9869: $? = 1
configure: failed program was:
|       program main
|       call dspev
|       end
configure:9862: xlf90_r -o conftest -q64 -qthreaded -O3 -qnohot -qstrict -qsuffix=cpp=f90 -qalias=nointptr -Q  -qfree=f90 -q64 -qthreaded  conftest.f -llapack  -L/usr/lib -lessl >&5
** main   === End of Compilation 1 ===
1501-510  Compilation successful for file conftest.f.
conftest.o: In function `main':
conftest.f:(.text+0x14): undefined reference to `dspev'
configure:9869: $? = 1
configure: failed program was:
|       program main
|       call dspev
|       end
configure:9900: result: no
configure:9838: checking for library containing dspev
configure:9862: xlf90_r -o conftest -q64 -qthreaded -O3 -qnohot -qstrict -qsuffix=cpp=f90 -qalias=nointptr -Q  -qfree=f90 -q64 -qthreaded -L/usr/local/lib conftest.f -L/usr/lib -lessl >&5
** main   === End of Compilation 1 ===
1501-510  Compilation successful for file conftest.f.
conftest.o: In function `main':
conftest.f:(.text+0x14): undefined reference to `dspev'
configure:9869: $? = 1
configure: failed program was:
|       program main
|       call dspev
|       end
configure:9862: xlf90_r -o conftest -q64 -qthreaded -O3 -qnohot -qstrict -qsuffix=cpp=f90 -qalias=nointptr -Q  -qfree=f90 -q64 -qthreaded -L/usr/local/lib conftest.f -llapack-3  -L/usr/lib -lessl >&5
** main   === End of Compilation 1 ===
1501-510  Compilation successful for file conftest.f.
ld: cannot find -llapack-3
configure:9869: $? = 1
configure: failed program was:
|       program main
|       call dspev
|       end
configure:9862: xlf90_r -o conftest -q64 -qthreaded -O3 -qnohot -qstrict -qsuffix=cpp=f90 -qalias=nointptr -Q  -qfree=f90 -q64 -qthreaded -L/usr/local/lib conftest.f -llapack  -L/usr/lib -lessl >&5
** main   === End of Compilation 1 ===
1501-510  Compilation successful for file conftest.f.
conftest.o: In function `main':
conftest.f:(.text+0x14): undefined reference to `dspev'
configure:9869: $? = 1
configure: failed program was:
|       program main
|       call dspev
|       end
configure:9900: result: no
configure:10505: checking for library containing dfftw_execute_dft
configure:10529: xlf90_r -o conftest -q64 -qthreaded -O3 -qnohot -qstrict -qsuffix=cpp=f90 -qalias=nointptr -Q  -qfree=f90 -q64  conftest.f -L/usr/lib -lessl >&5
** main   === End of Compilation 1 ===
1501-510  Compilation successful for file conftest.f.
conftest.o: In function `main':
conftest.f:(.text+0x14): undefined reference to `dfftw_execute_dft'
configure:10536: $? = 1
configure: failed program was:
|       program main
|       call dfftw_execute_dft
|       end
configure:10529: xlf90_r -o conftest -q64 -qthreaded -O3 -qnohot -qstrict -qsuffix=cpp=f90 -qalias=nointptr -Q  -qfree=f90 -q64  conftest.f -lfftw3 -lm -L/usr/lib -lessl >&5
** main   === End of Compilation 1 ===
1501-510  Compilation successful for file conftest.f.
configure:10536: $? = 0
configure:10567: result: -lfftw3
configure:10930: checking for library containing mpi_init
configure:10954: mpif90 -o conftest -q64 -qthreaded -O3 -qnohot -qstrict -qsuffix=cpp=f90 -qalias=nointptr -Q  -qfree=f90 -q64 -qthreaded conftest.f  >&5
gfortran: error: unrecognized command line option '-q64'
gfortran: error: unrecognized command line option '-qthreaded'
gfortran: error: unrecognized command line option '-qnohot'
gfortran: error: unrecognized command line option '-qstrict'
gfortran: error: unrecognized command line option '-qsuffix=cpp=f90'
gfortran: error: unrecognized command line option '-qalias=nointptr'
gfortran: error: unrecognized command line option '-qfree=f90'
gfortran: error: unrecognized command line option '-q64'
gfortran: error: unrecognized command line option '-qthreaded'
configure:10961: $? = 1
configure: failed program was:
|       program main
|       call mpi_init
|       end
configure:10954: mpif90 -o conftest -q64 -qthreaded -O3 -qnohot -qstrict -qsuffix=cpp=f90 -qalias=nointptr -Q  -qfree=f90 -q64 -qthreaded conftest.f -lmpi   >&5
gfortran: error: unrecognized command line option '-q64'
gfortran: error: unrecognized command line option '-qthreaded'
gfortran: error: unrecognized command line option '-qnohot'
gfortran: error: unrecognized command line option '-qstrict'
gfortran: error: unrecognized command line option '-qsuffix=cpp=f90'
gfortran: error: unrecognized command line option '-qalias=nointptr'
gfortran: error: unrecognized command line option '-qfree=f90'
gfortran: error: unrecognized command line option '-q64'
gfortran: error: unrecognized command line option '-qthreaded'
configure:10961: $? = 1
configure: failed program was:
|       program main
|       call mpi_init
|       end
configure:10992: result: no
configure:11014: checking for library containing mpi_init
configure:11076: result: no
configure:11639: checking for ranlib
configure:11655: found /usr/bin/ranlib
configure:11667: result: ranlib
configure:11688: checking for wget
configure:11704: found /usr/bin/wget
configure:11715: result: wget -O
configure:11965: creating ./config.status

## ---------------------- ##
## Running config.status. ##
## ---------------------- ##

This file was extended by ESPRESSO config.status 5.2.0, which was
generated by GNU Autoconf 2.63.  Invocation command line was

  CONFIG_FILES    = 
  CONFIG_HEADERS  = 
  CONFIG_LINKS    = 
  CONFIG_COMMANDS = 
  $ ./config.status 

on p8le-42l

config.status:793: creating include/fft_defs.h
config.status:793: creating make.sys
config.status:793: creating configure.msg
config.status:793: creating install/make_wannier90.sys
config.status:793: creating install/make_blas.inc
config.status:793: creating install/make_lapack.inc
config.status:793: creating include/c_defs.h
config.status:997: include/c_defs.h is unchanged

## ---------------- ##
## Cache variables. ##
## ---------------- ##

ac_cv_build=powerpc64le-unknown-linux-gnu
ac_cv_c_compiler_gnu=yes
ac_cv_env_CC_set=
ac_cv_env_CC_value=
ac_cv_env_CFLAGS_set=
ac_cv_env_CFLAGS_value=
ac_cv_env_CPPFLAGS_set=
ac_cv_env_CPPFLAGS_value=
ac_cv_env_CPP_set=
ac_cv_env_CPP_value=
ac_cv_env_EXTLIB_FLAGS_set=
ac_cv_env_EXTLIB_FLAGS_value=
ac_cv_env_F77_set=
ac_cv_env_F77_value=
ac_cv_env_FCFLAGS_set=
ac_cv_env_FCFLAGS_value=
ac_cv_env_FC_set=
ac_cv_env_FC_value=
ac_cv_env_FFLAGS_set=
ac_cv_env_FFLAGS_value=
ac_cv_env_LDFLAGS_set=
ac_cv_env_LDFLAGS_value=
ac_cv_env_LIBS_set=
ac_cv_env_LIBS_value=
ac_cv_env_build_alias_set=
ac_cv_env_build_alias_value=
ac_cv_env_host_alias_set=
ac_cv_env_host_alias_value=
ac_cv_env_target_alias_set=
ac_cv_env_target_alias_value=
ac_cv_f77_compiler_gnu=no
ac_cv_f77_dummy_main=none
ac_cv_f77_libs=' -L/opt/ibm/xlsmp/4.1.2/lib -L/opt/ibm/xlmass/8.1.2/lib -L/opt/ibm/xlf/15.1.2/lib -R/opt/ibm/lib -L/usr/lib/gcc/powerpc64le-linux-gnu/4.8 -L/usr/lib/gcc/powerpc64le-linux-gnu/4.8/../../../powerpc64le-linux-gnu -L/usr/lib/gcc/powerpc64le-linux-gnu/4.8/../../../../lib -L/lib/powerpc64le-linux-gnu -L/lib/../lib -L/usr/lib/powerpc64le-linux-gnu -L/usr/lib/../lib -L/usr/lib/gcc/powerpc64le-linux-gnu/4.8/../../.. -lxlf90_r -lxlopt -lxlomp_ser -lxl -lxlfmath -ldl -lrt -lpthread -lm'
ac_cv_f77_mangling='lower case, no underscore, no extra underscore'
ac_cv_fc_compiler_gnu=yes
ac_cv_fc_srcext_f90=none
ac_cv_fortran_dummy_main=none
ac_cv_header_inttypes_h=yes
ac_cv_header_malloc_h=yes
ac_cv_header_memory_h=yes
ac_cv_header_stdc=yes
ac_cv_header_stdint_h=yes
ac_cv_header_stdlib_h=yes
ac_cv_header_string_h=yes
ac_cv_header_strings_h=yes
ac_cv_header_sys_stat_h=yes
ac_cv_header_sys_types_h=yes
ac_cv_header_unistd_h=yes
ac_cv_member_struct_mallinfo_arena=yes
ac_cv_objext=o
ac_cv_path_EGREP='/bin/grep -E'
ac_cv_path_GREP=/bin/grep
ac_cv_prog_CPP='xlc_r -E'
ac_cv_prog_ac_ct_CC=xlc_r
ac_cv_prog_ac_ct_F77=xlf_r
ac_cv_prog_ac_ct_FC=mpif90
ac_cv_prog_cc_c89=
ac_cv_prog_cc_g=yes
ac_cv_prog_f77_g=yes
ac_cv_prog_f77_v=-v
ac_cv_prog_fc_g=yes
ac_cv_prog_make_make_set=yes
ac_cv_prog_ranlib=ranlib
ac_cv_prog_wget='wget -O'
ac_cv_search_dfftw_execute_dft=-lfftw3
ac_cv_search_dspev=no
ac_cv_search_mpi_init=no
ac_cv_sizeof_int_p=8

## ----------------- ##
## Output variables. ##
## ----------------- ##

CC='xlc_r'
CFLAGS='-O3 -qnohot -qstrict -q64 -qthreaded'
CPP='xlc_r -E'
CPPFLAGS='-O3 -qnohot -qstrict -q64 -qthreaded'
Configured for compilation of serial executables.'
DEFS='-DHAVE_CONFIG_H'
ECHO_C=''
ECHO_N='-n'
ECHO_T=''
EGREP='/bin/grep -E'
EXEEXT=''
EXTLIB_FLAGS=''
F77='mpif90'
FC='mpif90'
FCFLAGS='-g'
FCFLAGS_f90=''
FFLAGS='-q64 -qthreaded -O3 -qnohot -qstrict -qsuffix=cpp=f90 -qalias=nointptr -Q  -qfree=f90'
FLIBS=' -L/opt/ibm/xlsmp/4.1.2/lib -L/opt/ibm/xlmass/8.1.2/lib -L/opt/ibm/xlf/15.1.2/lib -R/opt/ibm/lib -L/usr/lib/gcc/powerpc64le-linux-gnu/4.8 -L/usr/lib/gcc/powerpc64le-linux-gnu/4.8/../../../powerpc64le-linux-gnu -L/usr/lib/gcc/powerpc64le-linux-gnu/4.8/../../../../lib -L/lib/powerpc64le-linux-gnu -L/lib/../lib -L/usr/lib/powerpc64le-linux-gnu -L/usr/lib/../lib -L/usr/lib/gcc/powerpc64le-linux-gnu/4.8/../../.. -lxlf90_r -lxlopt -lxlomp_ser -lxl -lxlfmath -ldl -lrt -lpthread -lm'
GREP='/bin/grep'
LDFLAGS='-q64 -qthreaded'
LIBOBJS=''
LIBS=''
LTLIBOBJS=''
OBJEXT='o'
PACKAGE_BUGREPORT=''
PACKAGE_NAME='ESPRESSO'
PACKAGE_STRING='ESPRESSO 5.2.0'
PACKAGE_TARNAME='espresso'
PACKAGE_VERSION='5.2.0'
PATH_SEPARATOR=':'
SET_MAKE=''
SHELL='/bin/sh'
SIZEOF_INT_P='8'
ac_ct_CC='xlc_r'
ac_ct_F77='xlf_r'
ac_ct_FC='mpif90'
ar='ar'
arflags='ruv'
bindir='${exec_prefix}/bin'
blas_libs='-L/usr/lib -lessl'
blas_libs_switch='external'
blas_line='BLAS_LIBS=-L/usr/lib -lessl'
build='powerpc64le-unknown-linux-gnu'
build_alias=''
build_cpu='powerpc64le'
build_os='linux-gnu'
build_vendor='unknown'
cc='xlc_r'
cflags='-O3 -qnohot -qstrict -q64 -qthreaded'
cpp='cpp'
cppflags='-P -C -traditional'
datadir='${datarootdir}'
datarootdir='${prefix}/share'
dflags='-D__XLF -D__FFTW3 -D__MASS'
docdir='${datarootdir}/doc/${PACKAGE_TARNAME}'
dvidir='${docdir}'
elpa_libs_switch='disabled'
exec_prefix='${prefix}'
extlib_flags='-q64 -qthreaded'
f77='xlf_r'
f90='xlf90_r'
f90flags='$(FFLAGS) -qfree=f90'
f90rule='$(MPIF90) $(F90FLAGS) -c $<'
fdflags='-WF,-D__XLF,-D__FFTW3,-D__MASS'
fflags='-q64 -qthreaded -O3  -qnohot -qstrict -qsuffix=cpp=f90 -qalias=nointptr -Q'
fflags_nomain=''
fflags_noopt='-q64 -qthreaded -O0'
fft_libs=' -lfftw3 -L/usr/lib -lessl'
fft_line='FFT_LIBS= -lfftw3 -L/usr/lib -lessl'
host_alias=''
htmldir='${docdir}'
iflags='-I../include'
imod='-I'
includedir='${prefix}/include'
infodir='${datarootdir}/info'
lapack_libs='/home/yu/workspace/espresso/espresso-5.2.0/lapack-3.2/lapack.a'
lapack_libs_switch='internal'
lapack_line='LAPACK_LIBS=/home/yu/workspace/espresso/espresso-5.2.0/lapack-3.2/lapack.a'
ld='mpif90'
ld_libs=''
ldflags='-q64 -qthreaded'
libdir='${exec_prefix}/lib'
libexecdir='${exec_prefix}/libexec'
localedir='${datarootdir}/locale'
localstatedir='${prefix}/var'
mandir='${datarootdir}/man'
mass_libs='-L/opt/ibm/xlmass/8.1.2/lib -lmass -lmassv -lmass_simdp8'
mass_line='MASS_LIBS=-L/opt/ibm/xlmass/8.1.2/lib -lmass -lmassv -lmass_simdp8'
mpi_libs=''
mpi_line='@delete@'
mpif90='mpif90'
oldincludedir='/usr/include'
parallel_report='Parallel environment not detected \(is this a parallel machine?\).\
pdfdir='${docdir}'
pre_fdflags='-WF,'
prefix='$(INSTALLDIR)'
program_transform_name='s,x,x,'
psdir='${docdir}'
ranlib='ranlib'
sbindir='${exec_prefix}/sbin'
scalapack_libs=''
scalapack_line='@delete@'
sharedstatedir='${prefix}/com'
sysconfdir='${prefix}/etc'
target_alias=''
topdir='/home/yu/workspace/espresso/espresso-5.2.0'
wget='wget -O'

## ----------- ##
## confdefs.h. ##
## ----------- ##

#define PACKAGE_NAME "ESPRESSO"
#define PACKAGE_TARNAME "espresso"
#define PACKAGE_VERSION "5.2.0"
#define PACKAGE_STRING "ESPRESSO 5.2.0"
#define PACKAGE_BUGREPORT ""
#define STDC_HEADERS 1
#define HAVE_SYS_TYPES_H 1
#define HAVE_SYS_STAT_H 1
#define HAVE_STDLIB_H 1
#define HAVE_STRING_H 1
#define HAVE_MEMORY_H 1
#define HAVE_STRINGS_H 1
#define HAVE_INTTYPES_H 1
#define HAVE_STDINT_H 1
#define HAVE_UNISTD_H 1
#define SIZEOF_INT_P 8
#define HAVE_MALLINFO 1
#define F77_FUNC(name,NAME) name
#define F77_FUNC_(name,NAME) name

configure: exit 0
